2025-08-10T13:48:16.386+05:30  INFO 16648 --- [User-Apps] [restartedMain] c.w.swathi.userapp.UserAppsApplication   : Starting UserAppsApplication using Java 21.0.8 with PID 16648 (C:\Users\DELL\Documents\workspace-spring-tools-for-eclipse-4.31.0.RELEASE\User-Apps\target\classes started by DELL in C:\Users\DELL\Documents\workspace-spring-tools-for-eclipse-4.31.0.RELEASE\User-Apps)
2025-08-10T13:48:16.393+05:30  INFO 16648 --- [User-Apps] [restartedMain] c.w.swathi.userapp.UserAppsApplication   : No active profile set, falling back to 1 default profile: "default"
2025-08-10T13:48:16.460+05:30  INFO 16648 --- [User-Apps] [restartedMain] .e.DevToolsPropertyDefaultsPostProcessor : Devtools property defaults active! Set 'spring.devtools.add-properties' to 'false' to disable
2025-08-10T13:48:16.460+05:30  INFO 16648 --- [User-Apps] [restartedMain] .e.DevToolsPropertyDefaultsPostProcessor : For additional web related logging consider setting the 'logging.level.web' property to 'DEBUG'
2025-08-10T13:48:17.724+05:30  INFO 16648 --- [User-Apps] [restartedMain] .s.d.r.c.RepositoryConfigurationDelegate : Bootstrapping Spring Data JPA repositories in DEFAULT mode.
2025-08-10T13:48:17.814+05:30  INFO 16648 --- [User-Apps] [restartedMain] .s.d.r.c.RepositoryConfigurationDelegate : Finished Spring Data repository scanning in 71 ms. Found 1 JPA repository interface.
2025-08-10T13:48:18.649+05:30  INFO 16648 --- [User-Apps] [restartedMain] o.s.b.w.embedded.tomcat.TomcatWebServer  : Tomcat initialized with port 8080 (http)
2025-08-10T13:48:18.669+05:30  INFO 16648 --- [User-Apps] [restartedMain] o.apache.catalina.core.StandardService   : Starting service [Tomcat]
2025-08-10T13:48:18.670+05:30  INFO 16648 --- [User-Apps] [restartedMain] o.apache.catalina.core.StandardEngine    : Starting Servlet engine: [Apache Tomcat/10.1.43]
2025-08-10T13:48:18.733+05:30  INFO 16648 --- [User-Apps] [restartedMain] o.a.c.c.C.[Tomcat].[localhost].[/]       : Initializing Spring embedded WebApplicationContext
2025-08-10T13:48:18.734+05:30  INFO 16648 --- [User-Apps] [restartedMain] w.s.c.ServletWebServerApplicationContext : Root WebApplicationContext: initialization completed in 2273 ms
2025-08-10T13:48:18.952+05:30  INFO 16648 --- [User-Apps] [restartedMain] o.hibernate.jpa.internal.util.LogHelper  : HHH000204: Processing PersistenceUnitInfo [name: default]
2025-08-10T13:48:19.041+05:30  INFO 16648 --- [User-Apps] [restartedMain] org.hibernate.Version                    : HHH000412: Hibernate ORM core version 6.6.22.Final
2025-08-10T13:48:19.090+05:30  INFO 16648 --- [User-Apps] [restartedMain] o.h.c.internal.RegionFactoryInitiator    : HHH000026: Second-level cache disabled
2025-08-10T13:48:19.456+05:30  INFO 16648 --- [User-Apps] [restartedMain] o.s.o.j.p.SpringPersistenceUnitInfo      : No LoadTimeWeaver setup: ignoring JPA class transformer
2025-08-10T13:48:19.501+05:30  INFO 16648 --- [User-Apps] [restartedMain] com.zaxxer.hikari.HikariDataSource       : HikariPool-1 - Starting...
2025-08-10T13:48:19.762+05:30  INFO 16648 --- [User-Apps] [restartedMain] com.zaxxer.hikari.pool.HikariPool        : HikariPool-1 - Added connection conn0: url=jdbc:h2:mem:testdb user=ROOT
2025-08-10T13:48:19.764+05:30  INFO 16648 --- [User-Apps] [restartedMain] com.zaxxer.hikari.HikariDataSource       : HikariPool-1 - Start completed.
2025-08-10T13:48:19.845+05:30  INFO 16648 --- [User-Apps] [restartedMain] org.hibernate.orm.connections.pooling    : HHH10001005: Database info:
	Database JDBC URL [Connecting through datasource 'HikariDataSource (HikariPool-1)']
	Database driver: undefined/unknown
	Database version: 2.3.232
	Autocommit mode: undefined/unknown
	Isolation level: undefined/unknown
	Minimum pool size: undefined/unknown
	Maximum pool size: undefined/unknown
2025-08-10T13:48:21.063+05:30  INFO 16648 --- [User-Apps] [restartedMain] o.h.e.t.j.p.i.JtaPlatformInitiator       : HHH000489: No JTA platform available (set 'hibernate.transaction.jta.platform' to enable JTA platform integration)
2025-08-10T13:48:21.222+05:30  INFO 16648 --- [User-Apps] [restartedMain] j.LocalContainerEntityManagerFactoryBean : Initialized JPA EntityManagerFactory for persistence unit 'default'
2025-08-10T13:48:21.969+05:30  WARN 16648 --- [User-Apps] [restartedMain] JpaBaseConfiguration$JpaWebConfiguration : spring.jpa.open-in-view is enabled by default. Therefore, database queries may be performed during view rendering. Explicitly configure spring.jpa.open-in-view to disable this warning
2025-08-10T13:48:22.379+05:30  WARN 16648 --- [User-Apps] [restartedMain] ion$DefaultTemplateResolverConfiguration : Cannot find template location: classpath:/templates/ (please add some templates, check your Thymeleaf configuration, or set spring.thymeleaf.check-template-location=false)
2025-08-10T13:48:22.621+05:30  INFO 16648 --- [User-Apps] [restartedMain] o.s.b.a.h2.H2ConsoleAutoConfiguration    : H2 console available at '/h2-console'. Database available at 'jdbc:h2:mem:testdb'
2025-08-10T13:48:22.709+05:30  INFO 16648 --- [User-Apps] [restartedMain] o.s.b.d.a.OptionalLiveReloadServer       : LiveReload server is running on port 35729
2025-08-10T13:48:22.772+05:30  INFO 16648 --- [User-Apps] [restartedMain] o.s.b.w.embedded.tomcat.TomcatWebServer  : Tomcat started on port 8080 (http) with context path '/'
2025-08-10T13:48:22.785+05:30  INFO 16648 --- [User-Apps] [restartedMain] c.w.swathi.userapp.UserAppsApplication   : Started UserAppsApplication in 7.034 seconds (process running for 7.773)
2025-08-10T13:48:32.365+05:30  INFO 16648 --- [User-Apps] [http-nio-8080-exec-6] o.a.c.c.C.[Tomcat].[localhost].[/]       : Initializing Spring DispatcherServlet 'dispatcherServlet'
2025-08-10T13:48:32.367+05:30  INFO 16648 --- [User-Apps] [http-nio-8080-exec-6] o.s.web.servlet.DispatcherServlet        : Initializing Servlet 'dispatcherServlet'
2025-08-10T13:48:32.372+05:30  INFO 16648 --- [User-Apps] [http-nio-8080-exec-6] o.s.web.servlet.DispatcherServlet        : Completed initialization in 5 ms
2025-08-10T13:56:39.488+05:30  WARN 16648 --- [User-Apps] [http-nio-8080-exec-9] .w.s.m.s.DefaultHandlerExceptionResolver : Resolved [org.springframework.web.HttpRequestMethodNotSupportedException: Request method 'PUT' is not supported]
2025-08-10T14:00:47.187+05:30  WARN 16648 --- [User-Apps] [http-nio-8080-exec-10] ration$PageModule$WarningLoggingModifier : Serializing PageImpl instances as-is is not supported, meaning that there is no guarantee about the stability of the resulting JSON structure!
	For a stable JSON structure, please use Spring Data's PagedModel (globally via @EnableSpringDataWebSupport(pageSerializationMode = VIA_DTO))
	or Spring HATEOAS and Spring Data's PagedResourcesAssembler as documented in https://docs.spring.io/spring-data/commons/reference/repositories/core-extensions.html#core.web.pageables.

2025-08-10T14:05:33.263+05:30  INFO 16648 --- [User-Apps] [RMI TCP Connection(27)-127.0.0.1] inMXBeanRegistrar$SpringApplicationAdmin : Application shutdown requested.
2025-08-10T14:05:33.267+05:30  INFO 16648 --- [User-Apps] [RMI TCP Connection(27)-127.0.0.1] o.s.b.w.e.tomcat.GracefulShutdown        : Commencing graceful shutdown. Waiting for active requests to complete
2025-08-10T14:05:33.280+05:30  INFO 16648 --- [User-Apps] [tomcat-shutdown] o.s.b.w.e.tomcat.GracefulShutdown        : Graceful shutdown complete
2025-08-10T14:05:33.286+05:30  INFO 16648 --- [User-Apps] [RMI TCP Connection(27)-127.0.0.1] j.LocalContainerEntityManagerFactoryBean : Closing JPA EntityManagerFactory for persistence unit 'default'
2025-08-10T14:05:33.296+05:30  WARN 16648 --- [User-Apps] [RMI TCP Connection(27)-127.0.0.1] o.s.b.f.support.DisposableBeanAdapter    : Invocation of destroy method failed on bean with name 'inMemoryDatabaseShutdownExecutor': org.h2.jdbc.JdbcSQLNonTransientConnectionException: Database is already closed (to disable automatic closing at VM shutdown, add ";DB_CLOSE_ON_EXIT=FALSE" to the db URL) [90121-232]
2025-08-10T14:05:33.297+05:30  INFO 16648 --- [User-Apps] [RMI TCP Connection(27)-127.0.0.1] com.zaxxer.hikari.HikariDataSource       : HikariPool-1 - Shutdown initiated...
2025-08-10T14:05:33.299+05:30  INFO 16648 --- [User-Apps] [RMI TCP Connection(27)-127.0.0.1] com.zaxxer.hikari.HikariDataSource       : HikariPool-1 - Shutdown completed.
